[2026-01-10 18:31:32] Script loaded.
[2026-01-10 18:35:01] end-file event triggered.
[2026-01-10 18:35:01] media-title empty, skipping.
[2026-01-10 19:44:29] Script loaded.
[2026-01-10 19:44:31] end-file event triggered.
[2026-01-10 19:44:31] Not EOF, skipping. Reason: quit
[2026-01-10 19:45:39] Script loaded.
[2026-01-10 19:45:41] end-file event triggered.
[2026-01-10 19:45:41] Not EOF, skipping. Reason: quit
[2026-01-10 19:53:07] Script loaded.
[2026-01-10 19:53:27] Script loaded.
[2026-01-10 19:53:29] end-file event triggered.
[2026-01-10 19:53:29] Not EOF, skipping. Reason: quit
[2026-01-10 19:53:30] end-file event triggered.
[2026-01-10 19:53:30] Not EOF, skipping. Reason: quit
[2026-01-10 19:53:32] Script loaded.
[2026-01-10 19:53:33] end-file event triggered.
[2026-01-10 19:53:33] Not EOF, skipping. Reason: quit
[2026-01-10 19:53:34] Script loaded.
[2026-01-10 19:53:35] end-file event triggered.
[2026-01-10 19:53:35] Not EOF, skipping. Reason: quit
[2026-01-10 19:53:36] Script loaded.
[2026-01-10 19:53:37] end-file event triggered.
[2026-01-10 19:53:37] Not EOF, skipping. Reason: quit
[2026-01-10 19:53:38] Script loaded.
[2026-01-10 19:53:40] end-file event triggered.
[2026-01-10 19:53:40] Not EOF, skipping. Reason: quit
[2026-01-10 19:53:41] Script loaded.
[2026-01-10 19:53:41] end-file event triggered.
[2026-01-10 19:53:41] Not EOF, skipping. Reason: quit
[2026-01-10 19:53:43] Script loaded.
[2026-01-10 19:53:44] end-file event triggered.
[2026-01-10 19:53:44] Not EOF, skipping. Reason: quit
[2026-01-10 19:53:45] Script loaded.
[2026-01-10 19:53:46] end-file event triggered.
[2026-01-10 19:53:46] Not EOF, skipping. Reason: quit
[2026-01-10 19:53:47] Script loaded.
[2026-01-10 19:53:48] end-file event triggered.
[2026-01-10 19:53:48] Not EOF, skipping. Reason: quit
[2026-01-10 19:53:52] Script loaded.
[2026-01-10 19:53:53] end-file event triggered.
[2026-01-10 19:53:53] Not EOF, skipping. Reason: quit
[2026-01-10 19:53:57] Script loaded.
[2026-01-10 19:54:01] end-file event triggered.
[2026-01-10 19:54:01] media-title empty, skipping.
[2026-01-10 19:54:04] Script loaded.
[2026-01-10 19:54:05] end-file event triggered.
[2026-01-10 19:54:05] Not EOF, skipping. Reason: quit
[2026-01-10 19:54:06] Script loaded.
[2026-01-10 19:54:07] end-file event triggered.
[2026-01-10 19:54:07] Not EOF, skipping. Reason: quit
[2026-01-10 19:54:08] Script loaded.
[2026-01-10 19:54:09] end-file event triggered.
[2026-01-10 19:54:09] Not EOF, skipping. Reason: quit
[2026-01-10 19:54:10] Script loaded.
[2026-01-10 19:54:12] end-file event triggered.
[2026-01-10 19:54:12] Not EOF, skipping. Reason: quit
[2026-01-10 19:54:13] Script loaded.
[2026-01-10 19:54:14] end-file event triggered.
[2026-01-10 19:54:14] Not EOF, skipping. Reason: quit
[2026-01-10 19:54:15] Script loaded.
[2026-01-10 19:54:17] end-file event triggered.
[2026-01-10 19:54:17] media-title empty, skipping.
[2026-01-10 19:54:18] Script loaded.
[2026-01-10 19:54:19] end-file event triggered.
[2026-01-10 19:54:19] Not EOF, skipping. Reason: quit
[2026-01-10 19:54:20] Script loaded.
[2026-01-10 19:54:25] end-file event triggered.
[2026-01-10 19:54:25] Not EOF, skipping. Reason: quit
[2026-01-10 19:54:26] Script loaded.
[2026-01-10 19:54:29] end-file event triggered.
[2026-01-10 19:54:29] Not EOF, skipping. Reason: quit
[2026-01-10 19:54:30] Script loaded.
[2026-01-10 19:54:52] end-file event triggered.
[2026-01-10 19:54:52] Not EOF, skipping. Reason: quit
[2026-01-10 19:54:54] Script loaded.
[2026-01-10 19:54:56] end-file event triggered.
[2026-01-10 19:54:56] Not EOF, skipping. Reason: quit
[2026-01-10 19:54:57] Script loaded.
[2026-01-10 19:54:57] end-file event triggered.
[2026-01-10 19:54:57] Not EOF, skipping. Reason: quit
[2026-01-10 19:54:58] Script loaded.
[2026-01-10 19:54:59] end-file event triggered.
[2026-01-10 19:54:59] Not EOF, skipping. Reason: quit
[2026-01-10 19:54:59] Script loaded.
[2026-01-10 19:55:00] end-file event triggered.
[2026-01-10 19:55:00] media-title empty, skipping.
[2026-01-10 19:55:36] Script loaded.
[2026-01-10 19:55:37] end-file event triggered.
[2026-01-10 19:55:37] Not EOF, skipping. Reason: quit
[2026-01-10 19:55:38] Script loaded.
[2026-01-10 19:55:38] end-file event triggered.
[2026-01-10 19:55:38] Not EOF, skipping. Reason: quit
[2026-01-10 19:55:39] Script loaded.
[2026-01-10 19:55:40] end-file event triggered.
[2026-01-10 19:55:40] Not EOF, skipping. Reason: quit
[2026-01-10 19:55:41] Script loaded.
[2026-01-10 19:55:41] end-file event triggered.
[2026-01-10 19:55:41] Not EOF, skipping. Reason: quit
[2026-01-10 19:55:42] Script loaded.
[2026-01-10 19:55:43] end-file event triggered.
[2026-01-10 19:55:43] Not EOF, skipping. Reason: quit
[2026-01-10 19:55:44] Script loaded.
[2026-01-10 19:55:44] end-file event triggered.
[2026-01-10 19:55:44] Not EOF, skipping. Reason: quit
[2026-01-10 19:56:09] Script loaded.
[2026-01-10 19:56:10] end-file event triggered.
[2026-01-10 19:56:10] Not EOF, skipping. Reason: quit
[2026-01-10 19:56:55] Script loaded.
[2026-01-10 19:56:56] end-file event triggered.
[2026-01-10 19:56:56] Not EOF, skipping. Reason: quit
[2026-01-10 21:54:41] Script loaded.
[2026-01-10 22:48:11] Script loaded.
[2026-01-10 23:49:02] end-file event triggered.
[2026-01-10 23:49:02] Not EOF, skipping. Reason: quit
[2026-01-10 23:49:24] Script loaded.
[2026-01-10 23:49:42] end-file event triggered.
[2026-01-10 23:49:42] Not EOF, skipping. Reason: quit
[2026-01-11 12:15:54] Script loaded.
[2026-01-11 12:16:04] end-file event triggered.
[2026-01-11 12:16:04] Not EOF, skipping. Reason: quit
[2026-01-11 12:17:31] Script loaded.
[2026-01-11 13:06:49] end-file event triggered.
[2026-01-11 13:06:49] Running update.sh | anime='Pluto' | episode='2'
[2026-01-11 13:06:50] Exit status: 1
[2026-01-11 13:06:59] Script loaded.
[2026-01-11 13:39:10] end-file event triggered.
[2026-01-11 13:39:10] Running update.sh | anime='Ikoku Nikki' | episode='2'
[2026-01-11 13:39:11] Exit status: 0
[2026-01-11 13:43:33] Script loaded.
[2026-01-11 13:43:40] end-file event triggered.
[2026-01-11 13:43:40] Running update.sh | anime='Pluto' | episode='2'
[2026-01-11 13:43:41] Exit status: 0
[2026-01-11 13:48:35] Script loaded.
[2026-01-11 13:48:40] end-file event triggered.
[2026-01-11 13:48:40] Not EOF, skipping. Reason: quit
[2026-01-11 14:04:54] Script loaded.
[2026-01-11 14:06:03] end-file event triggered.
[2026-01-11 14:06:03] Not EOF, skipping. Reason: quit
[2026-01-11 14:06:49] Script loaded.
[2026-01-11 14:07:03] end-file event triggered.
[2026-01-11 14:07:03] Running update.sh | anime='Trigun' | episode='1'
[2026-01-11 14:07:04] Exit status: 0
[2026-01-11 14:15:50] Script loaded.
[2026-01-11 14:16:17] end-file event triggered.
[2026-01-11 14:16:17] Running update.sh | anime='DBZ' | episode='1'
[2026-01-11 14:16:18] Exit status: 0
